<testsuites id="" name="" tests="1" failures="1" skipped="0" errors="0" time="8.527406000000001">
<testsuite name="softstaking.spec.js" timestamp="2025-04-10T07:04:13.418Z" hostname="chromium" tests="1" failures="1" skipped="0" time="6.242" errors="0">
<testcase name="validate softstaking page" classname="softstaking.spec.js" time="6.242">
<failure message="softstaking.spec.js:3:5 validate softstaking page" type="FAILURE">
<![CDATA[  [chromium] › softstaking.spec.js:3:5 › validate softstaking page ─────────────────────────────────

    Error: expect(received).toBe(expected) // Object.is equality

    Expected: "nlock effortless rewards with our Soft Staking Pool—flexible, straightforward, and designed to work for you."
    Received: "Unlock effortless rewards with our Soft Staking Pool—flexible, straightforward, and designed to work for you."

      16 |     const softtext = await page.getByText("Unlock effortless rewards with our Soft Staking Pool—flexible, straightforward, and designed to work for you.").innerText()
      17 |     console.log(softtext);
    > 18 |     expect(softtext).toBe("nlock effortless rewards with our Soft Staking Pool—flexible, straightforward, and designed to work for you.");
         |                      ^
      19 |      })

        at C:\Users\mudak\Downloads\playwright-main\playwright-main\basic\softstaking.spec.js:18:22

    attachment #1: screenshot (image/png) ──────────────────────────────────────────────────────────
    test-results\softstaking-validate-softstaking-page-chromium\test-failed-1.png
    ────────────────────────────────────────────────────────────────────────────────────────────────

    attachment #2: video (video/webm) ──────────────────────────────────────────────────────────────
    test-results\softstaking-validate-softstaking-page-chromium\video.webm
    ────────────────────────────────────────────────────────────────────────────────────────────────
]]>
</failure>
<system-out>
<![CDATA[Unlock effortless rewards with our Soft Staking Pool—flexible, straightforward, and designed to work for you.

[[ATTACHMENT|test-results\softstaking-validate-softstaking-page-chromium\test-failed-1.png]]

[[ATTACHMENT|test-results\softstaking-validate-softstaking-page-chromium\video.webm]]
]]>
</system-out>
</testcase>
</testsuite>
</testsuites>